<?xml version="1.0" encoding="utf-8" standalone="no"?>
<!--This file represents the results of running a test suite-->
<test-results name="C:\Documents and Settings\dniggli\My Documents\SVN projects\downtime\downtime\bin\Debug\downtime.exe" total="1" errors="0" failures="0" not-run="0" ignored="0" skipped="0" invalid="0" date="2012-10-05" time="11:39:45">
  <environment nunit-version="2.5.0.9122" clr-version="2.0.50727.3634" os-version="Microsoft Windows NT 5.1.2600 Service Pack 3" platform="Win32NT" cwd="C:\Program Files\NUnit 2.5\bin\net-2.0" machine-name="LIS-SG1605-2050" user="dniggli" user-domain="URMC-SH" />
  <culture-info current-culture="en-US" current-uiculture="en-US" />
  <test-suite name="C:\Documents and Settings\dniggli\My Documents\SVN projects\downtime\downtime\bin\Debug\downtime.exe" executed="True" success="True" time="119.484" asserts="0">
    <results>
      <test-suite name="downtime" executed="True" success="True" time="119.469" asserts="0">
        <results>
          <test-suite name="UnitTests" executed="True" success="True" time="119.469" asserts="0">
            <results>
              <test-case name="downtime.UnitTests.TestDITests" executed="True" success="True" time="119.469" asserts="0" />
            </results>
          </test-suite>
        </results>
      </test-suite>
    </results>
  </test-suite>
</test-results>